<?xml version="1.0" encoding="UTF-8"?>
<!-- Generated by org.testng.reporters.JUnitReportReporter -->
<testsuite hostname="VDDP03P-0A05BD8" name="accountcopy.test" tests="1" failures="0" timestamp="11 Jul 2017 10:29:35 GMT" time="0.031" errors="0">
  <testcase name="login" time="0.031" classname="accountcopy.test"/>
</testsuite> <!-- accountcopy.test -->
